<?xml version="1.0" encoding="UTF-8"?>
<testng-results ignored="0" total="1" passed="1" failed="0" skipped="0">
  <reporter-output>
  </reporter-output>
  <suite started-at="2022-03-14T16:11:31 IST" name="Default suite" finished-at="2022-03-14T16:11:31 IST" duration-ms="76">
    <groups>
    </groups>
    <test started-at="2022-03-14T16:11:31 IST" name="Default test" finished-at="2022-03-14T16:11:31 IST" duration-ms="76">
      <class name="MavenTest.ReadDataTest">
        <test-method signature="readDataTest()[pri:0, instance:MavenTest.ReadDataTest@59af0466]" started-at="2022-03-14T16:11:31 IST" name="readDataTest" finished-at="2022-03-14T16:11:31 IST" duration-ms="10" status="PASS">
          <reporter-output>
          </reporter-output>
        </test-method> <!-- readDataTest -->
      </class> <!-- MavenTest.ReadDataTest -->
    </test> <!-- Default test -->
  </suite> <!-- Default suite -->
</testng-results>
